<?xml version="1.0" encoding="UTF-8"?>
<testsuite xmlns:xsi="http://www.w3.org/2001/XMLSchema-instance" xsi:noNamespaceSchemaLocation="https://maven.apache.org/surefire/maven-surefire-plugin/xsd/surefire-test-report-3.0.xsd" version="3.0" name="MiniPascalLexerTest" time="0.127" tests="10" errors="0" skipped="0" failures="0">
  <properties>
[...]
</properties>
  <testcase name="testaTokensSimples" classname="MiniPascalLexerTest" time="0.045">
    <system-out><![CDATA[
> TESTANDO CODIGO:
var x: integer; x := 10;

=== TOKENS LEXER ===
linha 1, coluna 0, tipo 2, texto "var"
linha 1, coluna 4, tipo 42, texto "x"
linha 1, coluna 5, tipo 32, texto ":"
linha 1, coluna 7, tipo 3, texto "integer"
linha 1, coluna 14, tipo 31, texto ";"
linha 1, coluna 16, tipo 42, texto "x"
linha 1, coluna 18, tipo 29, texto ":="
linha 1, coluna 21, tipo 43, texto "10"
linha 1, coluna 23, tipo 31, texto ";"
=====================
✅ Tokens salvos em: test-reports/lexer-tokens/teste1_tokens_simples.txt
]]></system-out>
  </testcase>
  <testcase name="testaTokensComIfElse" classname="MiniPascalLexerTest" time="0.007">
    <system-out><![CDATA[
> TESTANDO CODIGO:
program p; var x: integer; begin if x > 0 then x := x - 1 else x := 0; end.

=== TOKENS LEXER ===
linha 1, coluna 0, tipo 1, texto "program"
linha 1, coluna 8, tipo 42, texto "p"
linha 1, coluna 9, tipo 31, texto ";"
linha 1, coluna 11, tipo 2, texto "var"
linha 1, coluna 15, tipo 42, texto "x"
linha 1, coluna 16, tipo 32, texto ":"
linha 1, coluna 18, tipo 3, texto "integer"
linha 1, coluna 25, tipo 31, texto ";"
linha 1, coluna 27, tipo 10, texto "begin"
linha 1, coluna 33, tipo 12, texto "if"
linha 1, coluna 36, tipo 42, texto "x"
linha 1, coluna 38, tipo 38, texto ">"
linha 1, coluna 40, tipo 43, texto "0"
linha 1, coluna 42, tipo 13, texto "then"
linha 1, coluna 47, tipo 42, texto "x"
linha 1, coluna 49, tipo 29, texto ":="
linha 1, coluna 52, tipo 42, texto "x"
linha 1, coluna 54, tipo 26, texto "-"
linha 1, coluna 56, tipo 43, texto "1"
linha 1, coluna 58, tipo 14, texto "else"
linha 1, coluna 63, tipo 42, texto "x"
linha 1, coluna 65, tipo 29, texto ":="
linha 1, coluna 68, tipo 43, texto "0"
linha 1, coluna 69, tipo 31, texto ";"
linha 1, coluna 71, tipo 11, texto "end"
linha 1, coluna 74, tipo 41, texto "."
=====================
✅ Tokens salvos em: test-reports/lexer-tokens/teste2_tokens_if_else.txt
]]></system-out>
  </testcase>
  <testcase name="testaTokensComWhile" classname="MiniPascalLexerTest" time="0.005">
    <system-out><![CDATA[
> TESTANDO CODIGO:
program w; var i: integer; begin i := 0; while i < 10 do i := i + 1; end.

=== TOKENS LEXER ===
linha 1, coluna 0, tipo 1, texto "program"
linha 1, coluna 8, tipo 42, texto "w"
linha 1, coluna 9, tipo 31, texto ";"
linha 1, coluna 11, tipo 2, texto "var"
linha 1, coluna 15, tipo 42, texto "i"
linha 1, coluna 16, tipo 32, texto ":"
linha 1, coluna 18, tipo 3, texto "integer"
linha 1, coluna 25, tipo 31, texto ";"
linha 1, coluna 27, tipo 10, texto "begin"
linha 1, coluna 33, tipo 42, texto "i"
linha 1, coluna 35, tipo 29, texto ":="
linha 1, coluna 38, tipo 43, texto "0"
linha 1, coluna 39, tipo 31, texto ";"
linha 1, coluna 41, tipo 15, texto "while"
linha 1, coluna 47, tipo 42, texto "i"
linha 1, coluna 49, tipo 35, texto "<"
linha 1, coluna 51, tipo 43, texto "10"
linha 1, coluna 54, tipo 16, texto "do"
linha 1, coluna 57, tipo 42, texto "i"
linha 1, coluna 59, tipo 29, texto ":="
linha 1, coluna 62, tipo 42, texto "i"
linha 1, coluna 64, tipo 25, texto "+"
linha 1, coluna 66, tipo 43, texto "1"
linha 1, coluna 67, tipo 31, texto ";"
linha 1, coluna 69, tipo 11, texto "end"
linha 1, coluna 72, tipo 41, texto "."
=====================
✅ Tokens salvos em: test-reports/lexer-tokens/teste3_tokens_while.txt
]]></system-out>
  </testcase>
  <testcase name="testaTokensComStringEBool" classname="MiniPascalLexerTest" time="0.005">
    <system-out><![CDATA[
> TESTANDO CODIGO:
program s; var msg: string; var b: boolean; begin msg := 'ok'; b := true; end.

=== TOKENS LEXER ===
linha 1, coluna 0, tipo 1, texto "program"
linha 1, coluna 8, tipo 42, texto "s"
linha 1, coluna 9, tipo 31, texto ";"
linha 1, coluna 11, tipo 2, texto "var"
linha 1, coluna 15, tipo 42, texto "msg"
linha 1, coluna 18, tipo 32, texto ":"
linha 1, coluna 20, tipo 5, texto "string"
linha 1, coluna 26, tipo 31, texto ";"
linha 1, coluna 28, tipo 2, texto "var"
linha 1, coluna 32, tipo 42, texto "b"
linha 1, coluna 33, tipo 32, texto ":"
linha 1, coluna 35, tipo 6, texto "boolean"
linha 1, coluna 42, tipo 31, texto ";"
linha 1, coluna 44, tipo 10, texto "begin"
linha 1, coluna 50, tipo 42, texto "msg"
linha 1, coluna 54, tipo 29, texto ":="
linha 1, coluna 57, tipo 45, texto "'ok'"
linha 1, coluna 61, tipo 31, texto ";"
linha 1, coluna 63, tipo 42, texto "b"
linha 1, coluna 65, tipo 29, texto ":="
linha 1, coluna 68, tipo 20, texto "true"
linha 1, coluna 72, tipo 31, texto ";"
linha 1, coluna 74, tipo 11, texto "end"
linha 1, coluna 77, tipo 41, texto "."
=====================
✅ Tokens salvos em: test-reports/lexer-tokens/teste4_tokens_string_bool.txt
]]></system-out>
  </testcase>
  <testcase name="testaTokensComIO" classname="MiniPascalLexerTest" time="0.009">
    <system-out><![CDATA[
> TESTANDO CODIGO:
program io;
var valor: integer;
begin
    read(valor);
    print('O valor digitado foi: ', valor);
end.

=== TOKENS LEXER ===
linha 1, coluna 0, tipo 1, texto "program"
linha 1, coluna 8, tipo 42, texto "io"
linha 1, coluna 10, tipo 31, texto ";"
linha 2, coluna 0, tipo 2, texto "var"
linha 2, coluna 4, tipo 42, texto "valor"
linha 2, coluna 9, tipo 32, texto ":"
linha 2, coluna 11, tipo 3, texto "integer"
linha 2, coluna 18, tipo 31, texto ";"
linha 3, coluna 0, tipo 10, texto "begin"
linha 4, coluna 4, tipo 7, texto "read"
linha 4, coluna 8, tipo 39, texto "("
linha 4, coluna 9, tipo 42, texto "valor"
linha 4, coluna 14, tipo 40, texto ")"
linha 4, coluna 15, tipo 31, texto ";"
linha 5, coluna 4, tipo 8, texto "print"
linha 5, coluna 9, tipo 39, texto "("
linha 5, coluna 10, tipo 45, texto "'O valor digitado foi: '"
linha 5, coluna 34, tipo 30, texto ","
linha 5, coluna 36, tipo 42, texto "valor"
linha 5, coluna 41, tipo 40, texto ")"
linha 5, coluna 42, tipo 31, texto ";"
linha 6, coluna 0, tipo 11, texto "end"
linha 6, coluna 3, tipo 41, texto "."
=====================
✅ Tokens salvos em: test-reports/lexer-tokens/teste5_tokens_io.txt
]]></system-out>
  </testcase>
  <testcase name="testaTokensComExpressoesComplexas" classname="MiniPascalLexerTest" time="0.008">
    <system-out><![CDATA[
> TESTANDO CODIGO:
program expr;
var a, b, resultado: integer;
begin
    a := 5 + 3 * 2 - 4;
    b := 10;
    resultado := (a > b) and (b <> 0) or not (a = 10);
end.

=== TOKENS LEXER ===
linha 1, coluna 0, tipo 1, texto "program"
linha 1, coluna 8, tipo 42, texto "expr"
linha 1, coluna 12, tipo 31, texto ";"
linha 2, coluna 0, tipo 2, texto "var"
linha 2, coluna 4, tipo 42, texto "a"
linha 2, coluna 5, tipo 30, texto ","
linha 2, coluna 7, tipo 42, texto "b"
linha 2, coluna 8, tipo 30, texto ","
linha 2, coluna 10, tipo 42, texto "resultado"
linha 2, coluna 19, tipo 32, texto ":"
linha 2, coluna 21, tipo 3, texto "integer"
linha 2, coluna 28, tipo 31, texto ";"
linha 3, coluna 0, tipo 10, texto "begin"
linha 4, coluna 4, tipo 42, texto "a"
linha 4, coluna 6, tipo 29, texto ":="
linha 4, coluna 9, tipo 43, texto "5"
linha 4, coluna 11, tipo 25, texto "+"
linha 4, coluna 13, tipo 43, texto "3"
linha 4, coluna 15, tipo 27, texto "*"
linha 4, coluna 17, tipo 43, texto "2"
linha 4, coluna 19, tipo 26, texto "-"
linha 4, coluna 21, tipo 43, texto "4"
linha 4, coluna 22, tipo 31, texto ";"
linha 5, coluna 4, tipo 42, texto "b"
linha 5, coluna 6, tipo 29, texto ":="
linha 5, coluna 9, tipo 43, texto "10"
linha 5, coluna 11, tipo 31, texto ";"
linha 6, coluna 4, tipo 42, texto "resultado"
linha 6, coluna 14, tipo 29, texto ":="
linha 6, coluna 17, tipo 39, texto "("
linha 6, coluna 18, tipo 42, texto "a"
linha 6, coluna 20, tipo 38, texto ">"
linha 6, coluna 22, tipo 42, texto "b"
linha 6, coluna 23, tipo 40, texto ")"
linha 6, coluna 25, tipo 23, texto "and"
linha 6, coluna 29, tipo 39, texto "("
linha 6, coluna 30, tipo 42, texto "b"
linha 6, coluna 32, tipo 34, texto "<>"
linha 6, coluna 35, tipo 43, texto "0"
linha 6, coluna 36, tipo 40, texto ")"
linha 6, coluna 38, tipo 24, texto "or"
linha 6, coluna 41, tipo 22, texto "not"
linha 6, coluna 45, tipo 39, texto "("
linha 6, coluna 46, tipo 42, texto "a"
linha 6, coluna 48, tipo 33, texto "="
linha 6, coluna 50, tipo 43, texto "10"
linha 6, coluna 52, tipo 40, texto ")"
linha 6, coluna 53, tipo 31, texto ";"
linha 7, coluna 0, tipo 11, texto "end"
linha 7, coluna 3, tipo 41, texto "."
=====================
✅ Tokens salvos em: test-reports/lexer-tokens/teste6_tokens_expressoes_complexas.txt
]]></system-out>
  </testcase>
  <testcase name="testaTokensComComentario" classname="MiniPascalLexerTest" time="0.005">
    <system-out><![CDATA[
> TESTANDO CODIGO:
program coment;
{ Este eh um comentario de bloco }
var x: integer; (* outro comentario *)
begin
    x := 42; // comentario de linha
end.

=== TOKENS LEXER ===
linha 1, coluna 0, tipo 1, texto "program"
linha 1, coluna 8, tipo 42, texto "coment"
linha 1, coluna 14, tipo 31, texto ";"
linha 2, coluna 0, tipo 47, texto "{ Este eh um comentario de bloco }"
linha 3, coluna 0, tipo 2, texto "var"
linha 3, coluna 4, tipo 42, texto "x"
linha 3, coluna 5, tipo 32, texto ":"
linha 3, coluna 7, tipo 3, texto "integer"
linha 3, coluna 14, tipo 31, texto ";"
linha 3, coluna 16, tipo 46, texto "(* outro comentario *)"
linha 4, coluna 0, tipo 10, texto "begin"
linha 5, coluna 4, tipo 42, texto "x"
linha 5, coluna 6, tipo 29, texto ":="
linha 5, coluna 9, tipo 43, texto "42"
linha 5, coluna 11, tipo 31, texto ";"
linha 5, coluna 13, tipo 48, texto "// comentario de linha"
linha 6, coluna 0, tipo 11, texto "end"
linha 6, coluna 3, tipo 41, texto "."
=====================
✅ Tokens salvos em: test-reports/lexer-tokens/teste7_tokens_comentario.txt
]]></system-out>
  </testcase>
  <testcase name="testaTokensComMultiplasVariaveisEDiferentesTipos" classname="MiniPascalLexerTest" time="0.007">
    <system-out><![CDATA[
> TESTANDO CODIGO:
program vars;
var idade: integer;
    altura: real;
    ativo: boolean;
    nome: string;
begin
    idade := 25;
    altura := 1.75;
    ativo := true;
    nome := 'Jose';
end.

=== TOKENS LEXER ===
linha 1, coluna 0, tipo 1, texto "program"
linha 1, coluna 8, tipo 42, texto "vars"
linha 1, coluna 12, tipo 31, texto ";"
linha 2, coluna 0, tipo 2, texto "var"
linha 2, coluna 4, tipo 42, texto "idade"
linha 2, coluna 9, tipo 32, texto ":"
linha 2, coluna 11, tipo 3, texto "integer"
linha 2, coluna 18, tipo 31, texto ";"
linha 3, coluna 4, tipo 42, texto "altura"
linha 3, coluna 10, tipo 32, texto ":"
linha 3, coluna 12, tipo 4, texto "real"
linha 3, coluna 16, tipo 31, texto ";"
linha 4, coluna 4, tipo 42, texto "ativo"
linha 4, coluna 9, tipo 32, texto ":"
linha 4, coluna 11, tipo 6, texto "boolean"
linha 4, coluna 18, tipo 31, texto ";"
linha 5, coluna 4, tipo 42, texto "nome"
linha 5, coluna 8, tipo 32, texto ":"
linha 5, coluna 10, tipo 5, texto "string"
linha 5, coluna 16, tipo 31, texto ";"
linha 6, coluna 0, tipo 10, texto "begin"
linha 7, coluna 4, tipo 42, texto "idade"
linha 7, coluna 10, tipo 29, texto ":="
linha 7, coluna 13, tipo 43, texto "25"
linha 7, coluna 15, tipo 31, texto ";"
linha 8, coluna 4, tipo 42, texto "altura"
linha 8, coluna 11, tipo 29, texto ":="
linha 8, coluna 14, tipo 44, texto "1.75"
linha 8, coluna 18, tipo 31, texto ";"
linha 9, coluna 4, tipo 42, texto "ativo"
linha 9, coluna 10, tipo 29, texto ":="
linha 9, coluna 13, tipo 20, texto "true"
linha 9, coluna 17, tipo 31, texto ";"
linha 10, coluna 4, tipo 42, texto "nome"
linha 10, coluna 9, tipo 29, texto ":="
linha 10, coluna 12, tipo 45, texto "'Jose'"
linha 10, coluna 18, tipo 31, texto ";"
linha 11, coluna 0, tipo 11, texto "end"
linha 11, coluna 3, tipo 41, texto "."
=====================
✅ Tokens salvos em: test-reports/lexer-tokens/teste8_tokens_multiplas_variaveis_diferentes_tipos.txt
]]></system-out>
  </testcase>
  <testcase name="testaTokensComRepeticoesAninhadas" classname="MiniPascalLexerTest" time="0.004">
    <system-out><![CDATA[
> TESTANDO CODIGO:
program aninhado;
var i, j: integer;
begin
    for i := 1 to 5 do
        while j < 10 do
            j := j + 1;
end.

=== TOKENS LEXER ===
linha 1, coluna 0, tipo 1, texto "program"
linha 1, coluna 8, tipo 42, texto "aninhado"
linha 1, coluna 16, tipo 31, texto ";"
linha 2, coluna 0, tipo 2, texto "var"
linha 2, coluna 4, tipo 42, texto "i"
linha 2, coluna 5, tipo 30, texto ","
linha 2, coluna 7, tipo 42, texto "j"
linha 2, coluna 8, tipo 32, texto ":"
linha 2, coluna 10, tipo 3, texto "integer"
linha 2, coluna 17, tipo 31, texto ";"
linha 3, coluna 0, tipo 10, texto "begin"
linha 4, coluna 4, tipo 17, texto "for"
linha 4, coluna 8, tipo 42, texto "i"
linha 4, coluna 10, tipo 29, texto ":="
linha 4, coluna 13, tipo 43, texto "1"
linha 4, coluna 15, tipo 18, texto "to"
linha 4, coluna 18, tipo 43, texto "5"
linha 4, coluna 20, tipo 16, texto "do"
linha 5, coluna 8, tipo 15, texto "while"
linha 5, coluna 14, tipo 42, texto "j"
linha 5, coluna 16, tipo 35, texto "<"
linha 5, coluna 18, tipo 43, texto "10"
linha 5, coluna 21, tipo 16, texto "do"
linha 6, coluna 12, tipo 42, texto "j"
linha 6, coluna 14, tipo 29, texto ":="
linha 6, coluna 17, tipo 42, texto "j"
linha 6, coluna 19, tipo 25, texto "+"
linha 6, coluna 21, tipo 43, texto "1"
linha 6, coluna 22, tipo 31, texto ";"
linha 7, coluna 0, tipo 11, texto "end"
linha 7, coluna 3, tipo 41, texto "."
=====================
✅ Tokens salvos em: test-reports/lexer-tokens/teste9_tokens_repeticoes_aninhadas.txt
]]></system-out>
  </testcase>
  <testcase name="testaTokensComStringComApostrofoEscapado" classname="MiniPascalLexerTest" time="0.007">
    <system-out><![CDATA[
> TESTANDO CODIGO:
program string;
var mensagem: string;
begin
    mensagem := 'O preco eh R$ 10,00 e o nome eh ''Joao''.';
end.

=== TOKENS LEXER ===
linha 1, coluna 0, tipo 1, texto "program"
linha 1, coluna 8, tipo 5, texto "string"
linha 1, coluna 14, tipo 31, texto ";"
linha 2, coluna 0, tipo 2, texto "var"
linha 2, coluna 4, tipo 42, texto "mensagem"
linha 2, coluna 12, tipo 32, texto ":"
linha 2, coluna 14, tipo 5, texto "string"
linha 2, coluna 20, tipo 31, texto ";"
linha 3, coluna 0, tipo 10, texto "begin"
linha 4, coluna 4, tipo 42, texto "mensagem"
linha 4, coluna 13, tipo 29, texto ":="
linha 4, coluna 16, tipo 45, texto "'O preco eh R$ 10,00 e o nome eh ''Joao''.'"
linha 4, coluna 59, tipo 31, texto ";"
linha 5, coluna 0, tipo 11, texto "end"
linha 5, coluna 3, tipo 41, texto "."
=====================
✅ Tokens salvos em: test-reports/lexer-tokens/teste10_tokens_string_com_apostrofo_escapado.txt
]]></system-out>
  </testcase>
</testsuite>